2025-06-11 11:40:28.200455 - User: birsnot@gmail.com - Path: /
2025-06-11 11:40:28.456250 - User: birsnot@gmail.com - Path: /favicon.ico
2025-06-11 11:40:42.879233 - User: birsnot@gmail.com - Path: /apii/token/
2025-06-11 11:40:48.740836 - User: birsnot@gmail.com - Path: /api/token/
2025-06-11 11:40:55.042990 - User: birsnot@gmail.com - Path: /api/token/
2025-06-11 11:41:20.682098 - User: birsnot@gmail.com - Path: /api/
2025-06-11 11:41:27.211344 - User: birsnot@gmail.com - Path: /api/conversations/
2025-06-11 11:42:09.923535 - User: birsnot@gmail.com - Path: /api/conversations/dbe08e5a-d652-4f33-b8d0-3d38f367d8d2/messages/
2025-06-11 11:42:29.216899 - User: birsnot@gmail.com - Path: /api/conversations/dbe08e5a-d652-4f33-b8d0-3d38f367d8d2/message/
2025-06-11 11:50:29.661811 - User: Anonymous - Path: /api/conversations/2bdd9e7d-f37d-4253-a6a6-8354b58467c6/messages/
2025-06-11 11:50:44.064362 - User: Anonymous - Path: /api/conversations/2bdd9e7d-f37d-4253-a6a6-8354b58467c6/messages/
2025-06-11 11:52:24.679183 - User: Anonymous - Path: /api/conversations/2bdd9e7d-f37d-4253-a6a6-8354b58467c6/messages/
2025-06-11 11:53:54.066342 - User: Anonymous - Path: /api/token/
2025-06-11 11:55:10.700979 - User: Anonymous - Path: /api/conversations/
2025-06-11 11:55:18.695499 - User: Anonymous - Path: /api/conversations/
2025-06-11 11:55:29.384795 - User: Anonymous - Path: /api/conversations/
2025-06-11 11:55:39.576485 - User: Anonymous - Path: /api/conversations/
2025-06-11 11:56:29.283001 - User: Anonymous - Path: /api/conversations/fdc62aa3-dec4-463a-9827-cb3693230571/messages/
2025-06-11 11:56:31.399021 - User: Anonymous - Path: /api/conversations/fdc62aa3-dec4-463a-9827-cb3693230571/messages/
2025-06-11 11:56:32.599079 - User: Anonymous - Path: /api/conversations/fdc62aa3-dec4-463a-9827-cb3693230571/messages/
2025-06-11 11:56:33.678665 - User: Anonymous - Path: /api/conversations/fdc62aa3-dec4-463a-9827-cb3693230571/messages/
2025-06-11 11:56:34.802738 - User: Anonymous - Path: /api/conversations/fdc62aa3-dec4-463a-9827-cb3693230571/messages/
2025-06-11 11:56:35.730267 - User: Anonymous - Path: /api/conversations/fdc62aa3-dec4-463a-9827-cb3693230571/messages/
2025-06-11 11:56:36.776626 - User: Anonymous - Path: /api/conversations/fdc62aa3-dec4-463a-9827-cb3693230571/messages/
2025-06-11 11:56:37.946852 - User: Anonymous - Path: /api/conversations/fdc62aa3-dec4-463a-9827-cb3693230571/messages/
2025-06-11 11:56:39.119189 - User: Anonymous - Path: /api/conversations/fdc62aa3-dec4-463a-9827-cb3693230571/messages/
2025-06-11 11:56:40.235105 - User: Anonymous - Path: /api/conversations/fdc62aa3-dec4-463a-9827-cb3693230571/messages/
2025-06-11 11:56:41.467230 - User: Anonymous - Path: /api/conversations/fdc62aa3-dec4-463a-9827-cb3693230571/messages/
2025-06-11 11:56:42.318331 - User: Anonymous - Path: /api/conversations/fdc62aa3-dec4-463a-9827-cb3693230571/messages/
2025-06-11 11:56:43.583679 - User: Anonymous - Path: /api/conversations/fdc62aa3-dec4-463a-9827-cb3693230571/messages/
2025-06-11 11:56:44.713413 - User: Anonymous - Path: /api/conversations/fdc62aa3-dec4-463a-9827-cb3693230571/messages/
2025-06-11 11:56:45.878727 - User: Anonymous - Path: /api/conversations/fdc62aa3-dec4-463a-9827-cb3693230571/messages/
2025-06-11 11:56:47.026739 - User: Anonymous - Path: /api/conversations/fdc62aa3-dec4-463a-9827-cb3693230571/messages/
2025-06-11 11:56:48.202728 - User: Anonymous - Path: /api/conversations/fdc62aa3-dec4-463a-9827-cb3693230571/messages/
2025-06-11 11:56:49.392814 - User: Anonymous - Path: /api/conversations/fdc62aa3-dec4-463a-9827-cb3693230571/messages/
2025-06-11 11:56:50.534139 - User: Anonymous - Path: /api/conversations/fdc62aa3-dec4-463a-9827-cb3693230571/messages/
2025-06-11 11:56:51.649586 - User: Anonymous - Path: /api/conversations/fdc62aa3-dec4-463a-9827-cb3693230571/messages/
2025-06-11 11:56:52.841938 - User: Anonymous - Path: /api/conversations/fdc62aa3-dec4-463a-9827-cb3693230571/messages/
2025-06-11 11:56:54.003117 - User: Anonymous - Path: /api/conversations/fdc62aa3-dec4-463a-9827-cb3693230571/messages/
2025-06-11 11:56:55.256865 - User: Anonymous - Path: /api/conversations/fdc62aa3-dec4-463a-9827-cb3693230571/messages/
2025-06-11 11:56:56.346141 - User: Anonymous - Path: /api/conversations/fdc62aa3-dec4-463a-9827-cb3693230571/messages/
2025-06-11 11:56:57.358208 - User: Anonymous - Path: /api/conversations/fdc62aa3-dec4-463a-9827-cb3693230571/messages/
2025-06-11 11:57:16.738210 - User: Anonymous - Path: /api/conversations/2bdd9e7d-f37d-4253-a6a6-8354b58467c6/messages/
2025-06-11 11:57:30.787670 - User: Anonymous - Path: /api/conversations/fdc62aa3-dec4-463a-9827-cb3693230571/messages/
2025-06-11 12:09:45.034123 - User: Anonymous - Path: /api/conversations/fdc62aa3-dec4-463a-9827-cb3693230571/messages/
2025-06-11 12:10:20.374499 - User: Anonymous - Path: /api/conversations/fdc62aa3-dec4-463a-9827-cb3693230571/messages/
2025-06-11 12:11:09.425874 - User: Anonymous - Path: /api/conversations/fdc62aa3-dec4-463a-9827-cb3693230571/messages/
2025-06-11 12:11:20.463751 - User: Anonymous - Path: /api/conversations/fdc62aa3-dec4-463a-9827-cb3693230571/messages/
2025-06-11 12:11:31.192341 - User: Anonymous - Path: /api/conversations/fdc62aa3-dec4-463a-9827-cb3693230571/messages/
2025-06-11 12:11:54.489351 - User: Anonymous - Path: /api/conversations/fdc62aa3-dec4-463a-9827-cb3693230571/messages/
2025-06-11 12:11:59.190558 - User: Anonymous - Path: /api/conversations/fdc62aa3-dec4-463a-9827-cb3693230571/messages/
2025-06-11 12:12:07.056894 - User: Anonymous - Path: /api/conversations/fdc62aa3-dec4-463a-9827-cb3693230571/messages/
2025-06-11 12:12:18.262483 - User: Anonymous - Path: /api/conversations/fdc62aa3-dec4-463a-9827-cb3693230571/messages/
2025-06-11 12:12:28.553168 - User: Anonymous - Path: /api/conversations/fdc62aa3-dec4-463a-9827-cb3693230571/messages/
